<?xml version="1.0" encoding="UTF-8"?>
<testsuite name="hu.dianaszanto.solution.DueDateCalculatorTest" tests="5" skipped="0" failures="0" errors="0" timestamp="2021-05-24T18:37:03" hostname="DESKTOP-J1RELAD" time="0.056">
  <properties/>
  <testcase name="given_calculateDueDate_whenCallTheMethod_thenDueDateIsNextDay" classname="hu.dianaszanto.solution.DueDateCalculatorTest" time="0.016"/>
  <testcase name="given_calculateDueDate_whenSubmittedOnWeekend_thenReturnsIllegalArgumentException" classname="hu.dianaszanto.solution.DueDateCalculatorTest" time="0.004"/>
  <testcase name="given_calculateDueDate_whenSubmittedOutOfBusinessHours_thenReturnsIllegalArgumentException" classname="hu.dianaszanto.solution.DueDateCalculatorTest" time="0.003"/>
  <testcase name="given_calculateDueDate_whenCallTheMethod_thenDueDateIsOnSameDay" classname="hu.dianaszanto.solution.DueDateCalculatorTest" time="0.002"/>
  <testcase name="given_calculateDueDate_whenCallTheMethod_thenDueDateIsOnNextWeek" classname="hu.dianaszanto.solution.DueDateCalculatorTest" time="0.002"/>
  <system-out><![CDATA[]]></system-out>
  <system-err><![CDATA[]]></system-err>
</testsuite>
